<?xml version="1.0" encoding="UTF-8"?>
<!-- Generated by org.testng.reporters.JUnitReportReporter -->
<testsuite hostname="DESKTOP-NF5610O" name="UserAPIServices.UserAPIServices.UserAPITest" tests="15" failures="0" timestamp="16 Sep 2022 03:15:16 GMT" time="41.492" errors="0">
  <testcase name="ValidateAccessingDataWithoutLogin" time="2.400" classname="UserAPIServices.UserAPIServices.UserAPITest"/>
  <testcase name="validateUserRemove" time="2.548" classname="UserAPIServices.UserAPIServices.UserAPITest"/>
  <testcase name="validateRegistrationWithInvalidData" time="3.651" classname="UserAPIServices.UserAPIServices.UserAPITest"/>
  <testcase name="updateUserData" time="2.478" classname="UserAPIServices.UserAPIServices.UserAPITest"/>
  <testcase name="validateLoginWithInvalidCredentials" time="3.693" classname="UserAPIServices.UserAPIServices.UserAPITest"/>
  <testcase name="validateUpdatedUserData" time="2.465" classname="UserAPIServices.UserAPIServices.UserAPITest"/>
  <testcase name="ValidateLoginBeforeRegistration" time="4.034" classname="UserAPIServices.UserAPIServices.UserAPITest"/>
  <testcase name="ValidateRegistrationWithSameUserData" time="2.415" classname="UserAPIServices.UserAPIServices.UserAPITest"/>
  <testcase name="validateCreatedUserData" time="2.458" classname="UserAPIServices.UserAPIServices.UserAPITest"/>
  <testcase name="ValidateUserRemovalForNoUser" time="2.427" classname="UserAPIServices.UserAPIServices.UserAPITest"/>
  <testcase name="ValidateRegistration" time="2.939" classname="UserAPIServices.UserAPIServices.UserAPITest"/>
  <testcase name="createUserData" time="2.559" classname="UserAPIServices.UserAPIServices.UserAPITest"/>
  <testcase name="validateLogin" time="2.419" classname="UserAPIServices.UserAPIServices.UserAPITest"/>
  <testcase name="deleteUserData" time="2.538" classname="UserAPIServices.UserAPIServices.UserAPITest"/>
  <testcase name="validateDataWithoutCreation" time="2.468" classname="UserAPIServices.UserAPIServices.UserAPITest"/>
</testsuite> <!-- UserAPIServices.UserAPIServices.UserAPITest -->
